<?xml version="1.0" encoding="UTF-8"?>
<testng-results ignored="0" total="1" passed="1" failed="0" skipped="0">
  <reporter-output>
  </reporter-output>
  <suite started-at="2021-08-04T23:18:11 IST" name="Suite" finished-at="2021-08-04T23:18:52 IST" duration-ms="41445">
    <groups>
    </groups>
    <test started-at="2021-08-04T23:18:11 IST" name="Test" finished-at="2021-08-04T23:18:52 IST" duration-ms="41445">
      <class name="com.guruworks.testcases.LoginTest">
        <test-method is-config="true" signature="setUpSuite()[pri:0, instance:com.guruworks.testcases.LoginTest@740773a3]" started-at="2021-08-04T23:18:10 IST" name="setUpSuite" finished-at="2021-08-04T23:18:11 IST" duration-ms="879" status="PASS">
          <reporter-output>
          </reporter-output>
        </test-method> <!-- setUpSuite -->
        <test-method is-config="true" signature="setUp()[pri:0, instance:com.guruworks.testcases.LoginTest@740773a3]" started-at="2021-08-04T23:18:11 IST" name="setUp" finished-at="2021-08-04T23:18:48 IST" duration-ms="37541" status="PASS">
          <reporter-output>
          </reporter-output>
        </test-method> <!-- setUp -->
        <test-method signature="loginApp()[pri:0, instance:com.guruworks.testcases.LoginTest@740773a3]" started-at="2021-08-04T23:18:48 IST" name="loginApp" finished-at="2021-08-04T23:18:51 IST" duration-ms="2623" status="PASS">
          <reporter-output>
          </reporter-output>
        </test-method> <!-- loginApp -->
        <test-method is-config="true" signature="tearDownMethod(org.testng.ITestResult)[pri:0, instance:com.guruworks.testcases.LoginTest@740773a3]" started-at="2021-08-04T23:18:51 IST" name="tearDownMethod" finished-at="2021-08-04T23:18:51 IST" duration-ms="553" status="PASS">
          <params>
            <param index="0">
              <value>
                <![CDATA[[TestResult name=loginApp status=SUCCESS method=LoginTest.loginApp()[pri:0, instance:com.guruworks.testcases.LoginTest@740773a3] output={null}]]]>
              </value>
            </param>
          </params>
          <reporter-output>
          </reporter-output>
        </test-method> <!-- tearDownMethod -->
        <test-method is-config="true" signature="tearDown()[pri:0, instance:com.guruworks.testcases.LoginTest@740773a3]" started-at="2021-08-04T23:18:51 IST" name="tearDown" finished-at="2021-08-04T23:18:52 IST" duration-ms="690" status="PASS">
          <reporter-output>
          </reporter-output>
        </test-method> <!-- tearDown -->
      </class> <!-- com.guruworks.testcases.LoginTest -->
    </test> <!-- Test -->
  </suite> <!-- Suite -->
</testng-results>
